[20:10:10] [main/INFO]: Using mbed TLS based native cipher.
[20:10:10] [main/INFO]: Using zlib based native compressor.
[20:10:10] [main/INFO]: Enabled Waterfall version git:Waterfall-Bootstrap:1.20-R0.2-SNAPSHOT:92b5149:562
[20:10:10] [main/INFO]: Not on Windows, attempting to use enhanced EpollEventLoop
[20:10:10] [main/INFO]: Epoll is working, utilising it!
[20:10:10] [main/INFO]: Discovered module: ModuleSpec(name=cmd_alert, file=modules/cmd_alert.jar, provider=JenkinsModuleSource())
[20:10:10] [main/INFO]: Discovered module: ModuleSpec(name=cmd_find, file=modules/cmd_find.jar, provider=JenkinsModuleSource())
[20:10:10] [main/INFO]: Discovered module: ModuleSpec(name=cmd_list, file=modules/cmd_list.jar, provider=JenkinsModuleSource())
[20:10:10] [main/INFO]: Discovered module: ModuleSpec(name=cmd_send, file=modules/cmd_send.jar, provider=JenkinsModuleSource())
[20:10:10] [main/INFO]: Discovered module: ModuleSpec(name=cmd_server, file=modules/cmd_server.jar, provider=JenkinsModuleSource())
[20:10:10] [main/INFO]: Discovered module: ModuleSpec(name=reconnect_yaml, file=modules/reconnect_yaml.jar, provider=JenkinsModuleSource())
[20:10:10] [main/INFO]: Loaded plugin reconnect_yaml version git:reconnect_yaml:1.20-R0.2-SNAPSHOT:92b5149:562 by WaterfallMC
[20:10:10] [main/INFO]: Loaded plugin cmd_find version git:cmd_find:1.20-R0.2-SNAPSHOT:92b5149:562 by WaterfallMC
[20:10:10] [main/INFO]: Loaded plugin cmd_server version git:cmd_server:1.20-R0.2-SNAPSHOT:92b5149:562 by WaterfallMC
[20:10:10] [main/INFO]: Loaded plugin cmd_alert version git:cmd_alert:1.20-R0.2-SNAPSHOT:92b5149:562 by WaterfallMC
[20:10:10] [main/INFO]: Loaded plugin cmd_send version git:cmd_send:1.20-R0.2-SNAPSHOT:92b5149:562 by WaterfallMC
[20:10:10] [main/INFO]: Loaded plugin cmd_list version git:cmd_list:1.20-R0.2-SNAPSHOT:92b5149:562 by WaterfallMC
[20:10:10] [main/WARN]: Forced host server pvp is not defined
[20:10:10] [main/INFO]: Enabled plugin reconnect_yaml version git:reconnect_yaml:1.20-R0.2-SNAPSHOT:92b5149:562 by WaterfallMC
[20:10:10] [main/INFO]: Enabled plugin cmd_find version git:cmd_find:1.20-R0.2-SNAPSHOT:92b5149:562 by WaterfallMC
[20:10:10] [main/INFO]: Enabled plugin cmd_server version git:cmd_server:1.20-R0.2-SNAPSHOT:92b5149:562 by WaterfallMC
[20:10:10] [main/INFO]: Enabled plugin cmd_alert version git:cmd_alert:1.20-R0.2-SNAPSHOT:92b5149:562 by WaterfallMC
[20:10:10] [main/INFO]: Enabled plugin cmd_send version git:cmd_send:1.20-R0.2-SNAPSHOT:92b5149:562 by WaterfallMC
[20:10:10] [main/INFO]: Enabled plugin cmd_list version git:cmd_list:1.20-R0.2-SNAPSHOT:92b5149:562 by WaterfallMC
[20:10:10] [Netty Boss IO Thread #0/WARN]: Could not bind to host /0.0.0.0:8080
io.netty.channel.unix.Errors$NativeIoException: bind(..) failed: Address already in use
